#
# There is insufficient memory for the Java Runtime Environment to continue.
# Native memory allocation (mmap) failed to map 268435456 bytes for G1 virtual space
# Possible reasons:
#   The system is out of physical RAM or swap space
#   The process is running with CompressedOops enabled, and the Java Heap may be blocking the growth of the native heap
# Possible solutions:
#   Reduce memory load on the system
#   Increase physical memory or swap space
#   Check if swap backing store is full
#   Decrease Java heap size (-Xmx/-Xms)
#   Decrease number of Java threads
#   Decrease Java thread stack sizes (-Xss)
#   Set larger code cache with -XX:ReservedCodeCacheSize=
#   JVM is running with Zero Based Compressed Oops mode in which the Java heap is
#     placed in the first 32GB address space. The Java Heap base address is the
#     maximum limit for the native heap growth. Please use -XX:HeapBaseMinAddress
#     to set the Java Heap base and to place the Java Heap above 32GB virtual address.
# This output file may be truncated or incomplete.
#
#  Out of Memory Error (os_windows.cpp:3771), pid=15936, tid=9168
#
# JRE version:  (17.0.7) (build )
# Java VM: OpenJDK 64-Bit Server VM (17.0.7+0-b2043.56-10550314, mixed mode, sharing, tiered, compressed oops, compressed class ptrs, g1 gc, windows-amd64)
# No core dump will be written. Minidumps are not enabled by default on client versions of Windows
#

---------------  S U M M A R Y ------------

Command Line: git4idea.http.GitAskPassApp Username for 'https://github.com': 

Host: Intel(R) Core(TM) i7-7600U CPU @ 2.80GHz, 4 cores, 15G,  Windows 10 , 64 bit Build 19041 (10.0.19041.4957)
Time: Tue Nov  5 00:30:16 2024 South Africa Standard Time elapsed time: 0.011761 seconds (0d 0h 0m 0s)

---------------  T H R E A D  ---------------

Current thread (0x0000021ba3673020):  JavaThread "Unknown thread" [_thread_in_vm, id=9168, stack(0x0000008114300000,0x0000008114400000)]

Stack: [0x0000008114300000,0x0000008114400000]
Native frames: (J=compiled Java code, j=interpreted, Vv=VM code, C=native code)
V  [jvm.dll+0x683bfa]
V  [jvm.dll+0x8430a4]
V  [jvm.dll+0x8449be]
V  [jvm.dll+0x845023]
V  [jvm.dll+0x24ad2f]
V  [jvm.dll+0x680ac9]
V  [jvm.dll+0x67519a]
V  [jvm.dll+0x30b3cb]
V  [jvm.dll+0x312876]
V  [jvm.dll+0x36221e]
V  [jvm.dll+0x36244f]
V  [jvm.dll+0x2e14a8]
V  [jvm.dll+0x2e2414]
V  [jvm.dll+0x814391]
V  [jvm.dll+0x36ffe1]
V  [jvm.dll+0x7f396c]
V  [jvm.dll+0x3f305f]
V  [jvm.dll+0x3f4b91]
C  [jli.dll+0x528f]
C  [ucrtbase.dll+0x21bb2]
C  [KERNEL32.DLL+0x17374]
C  [ntdll.dll+0x4cc91]


---------------  P R O C E S S  ---------------

Threads class SMR info:
_java_thread_list=0x00007ffdda70d098, length=0, elements={
}

Java Threads: ( => current thread )

Other Threads:
  0x0000021ba36dd130 GCTaskThread "GC Thread#0" [stack: 0x0000008114400000,0x0000008114500000] [id=11800]
  0x0000021ba36edeb0 ConcurrentGCThread "G1 Main Marker" [stack: 0x0000008114500000,0x0000008114600000] [id=9608]
  0x0000021ba36ef060 ConcurrentGCThread "G1 Conc#0" [stack: 0x0000008114600000,0x0000008114700000] [id=18684]

[error occurred during error reporting (printing all threads), id 0xc0000005, EXCEPTION_ACCESS_VIOLATION (0xc0000005) at pc=0x00007ffdd9ec2087]

VM state: not at safepoint (not fully initialized)

VM Mutex/Monitor currently owned by a thread:  ([mutex/lock_event])
[0x0000021ba366db90] Heap_lock - owner thread: 0x0000021ba3673020

Heap address: 0x0000000701c00000, size: 4068 MB, Compressed Oops mode: Zero based, Oop shift amount: 3

CDS archive(s) mapped at: [0x0000000000000000-0x0000000000000000-0x0000000000000000), size 0, SharedBaseAddress: 0x0000000800000000, ArchiveRelocationMode: 0.
Narrow klass base: 0x0000000000000000, Narrow klass shift: 0, Narrow klass range: 0x0

GC Precious Log:
<Empty>

Heap:
 garbage-first heap   total 0K, used 0K [0x0000000701c00000, 0x0000000800000000)
  region size 2048K, 0 young (0K), 0 survivors (0K)
 Metaspace       used 0K, committed 0K, reserved 0K
  class space    used 0K, committed 0K, reserved 0K

Heap Regions: E=young(eden), S=young(survivor), O=old, HS=humongous(starts), HC=humongous(continues), CS=collection set, F=free, OA=open archive, CA=closed archive, TAMS=top-at-mark-start (previous, next)

Card table byte_map: [0x0000021bb8150000,0x0000021bb8950000] _byte_map_base: 0x0000021bb4942000

Marking Bits (Prev, Next): (CMBitMap*) 0x0000021ba36dd740, (CMBitMap*) 0x0000021ba36dd780
 Prev Bits: [0x0000021bb9150000, 0x0000021bbd0e0000)
 Next Bits: [0x0000021bbd0e0000, 0x0000021bc1070000)

GC Heap History (0 events):
No events

Dll operation events (1 events):
Event: 0.007 Loaded shared library C:\Program Files\Android\Android Studio\jbr\bin\java.dll

Deoptimization events (0 events):
No events

Classes unloaded (0 events):
No events

Classes redefined (0 events):
No events

Internal exceptions (0 events):
No events

VM Operations (0 events):
No events

Events (0 events):
No events


Dynamic libraries:
0x00007ff60b0f0000 - 0x00007ff60b0fa000 	C:\Program Files\Android\Android Studio\jbr\bin\java.exe
0x00007ffe1c7f0000 - 0x00007ffe1c9e8000 	C:\WINDOWS\SYSTEM32\ntdll.dll
0x00007ffe1c5c0000 - 0x00007ffe1c682000 	C:\WINDOWS\System32\KERNEL32.DLL
0x00007ffe1a290000 - 0x00007ffe1a58e000 	C:\WINDOWS\System32\KERNELBASE.dll
0x00007ffe1a630000 - 0x00007ffe1a730000 	C:\WINDOWS\System32\ucrtbase.dll
0x00007ffe121b0000 - 0x00007ffe121cb000 	C:\Program Files\Android\Android Studio\jbr\bin\VCRUNTIME140.dll
0x00007ffe03c20000 - 0x00007ffe03c37000 	C:\Program Files\Android\Android Studio\jbr\bin\jli.dll
0x00007ffe1ae20000 - 0x00007ffe1afbd000 	C:\WINDOWS\System32\USER32.dll
0x00007ffe1a600000 - 0x00007ffe1a622000 	C:\WINDOWS\System32\win32u.dll
0x00007ffe05cc0000 - 0x00007ffe05f5a000 	C:\WINDOWS\WinSxS\amd64_microsoft.windows.common-controls_6595b64144ccf1df_6.0.19041.4355_none_60b8b9eb71f62e16\COMCTL32.dll
0x00007ffe1b920000 - 0x00007ffe1b94b000 	C:\WINDOWS\System32\GDI32.dll
0x00007ffe19ec0000 - 0x00007ffe19fd7000 	C:\WINDOWS\System32\gdi32full.dll
0x00007ffe1b140000 - 0x00007ffe1b1de000 	C:\WINDOWS\System32\msvcrt.dll
0x00007ffe1a1f0000 - 0x00007ffe1a28d000 	C:\WINDOWS\System32\msvcp_win.dll
0x00007ffe1afe0000 - 0x00007ffe1b00f000 	C:\WINDOWS\System32\IMM32.DLL
0x00007ffe15cc0000 - 0x00007ffe15ccc000 	C:\Program Files\Android\Android Studio\jbr\bin\vcruntime140_1.dll
0x00007ffdf7f10000 - 0x00007ffdf7f9d000 	C:\Program Files\Android\Android Studio\jbr\bin\msvcp140.dll
0x00007ffdd9bd0000 - 0x00007ffdda850000 	C:\Program Files\Android\Android Studio\jbr\bin\server\jvm.dll
0x00007ffe1a9c0000 - 0x00007ffe1aa72000 	C:\WINDOWS\System32\ADVAPI32.dll
0x00007ffe1ab40000 - 0x00007ffe1abe0000 	C:\WINDOWS\System32\sechost.dll
0x00007ffe1b7e0000 - 0x00007ffe1b903000 	C:\WINDOWS\System32\RPCRT4.dll
0x00007ffe19e90000 - 0x00007ffe19eb7000 	C:\WINDOWS\System32\bcrypt.dll
0x00007ffe17060000 - 0x00007ffe17069000 	C:\WINDOWS\SYSTEM32\WSOCK32.dll
0x00007ffe1c550000 - 0x00007ffe1c5bb000 	C:\WINDOWS\System32\WS2_32.dll
0x00007ffe05a30000 - 0x00007ffe05a57000 	C:\WINDOWS\SYSTEM32\WINMM.dll
0x00007ffe176f0000 - 0x00007ffe176fa000 	C:\WINDOWS\SYSTEM32\VERSION.dll
0x00007ffe186b0000 - 0x00007ffe186c2000 	C:\WINDOWS\SYSTEM32\kernel.appcore.dll
0x00007ffe14930000 - 0x00007ffe1493a000 	C:\Program Files\Android\Android Studio\jbr\bin\jimage.dll
0x00007ffe0c960000 - 0x00007ffe0cb44000 	C:\WINDOWS\SYSTEM32\DBGHELP.DLL
0x00007ffdfeaa0000 - 0x00007ffdfead4000 	C:\WINDOWS\SYSTEM32\dbgcore.DLL
0x00007ffe1a780000 - 0x00007ffe1a802000 	C:\WINDOWS\System32\bcryptPrimitives.dll
0x00007ffe068d0000 - 0x00007ffe068f5000 	C:\Program Files\Android\Android Studio\jbr\bin\java.dll

dbghelp: loaded successfully - version: 4.0.5 - missing functions: none
symbol engine: initialized successfully - sym options: 0x614 - pdb path: .;C:\Program Files\Android\Android Studio\jbr\bin;C:\WINDOWS\SYSTEM32;C:\WINDOWS\WinSxS\amd64_microsoft.windows.common-controls_6595b64144ccf1df_6.0.19041.4355_none_60b8b9eb71f62e16;C:\Program Files\Android\Android Studio\jbr\bin\server

VM Arguments:
java_command: git4idea.http.GitAskPassApp Username for 'https://github.com': 
java_class_path (initial): C:/Program Files/Android/Android Studio/plugins/vcs-git/lib/git4idea-rt.jar;C:/Program Files/Android/Android Studio/lib/externalProcess-rt.jar
Launcher Type: SUN_STANDARD

[Global flags]
     intx CICompilerCount                          = 3                                         {product} {ergonomic}
     uint ConcGCThreads                            = 1                                         {product} {ergonomic}
     uint G1ConcRefinementThreads                  = 4                                         {product} {ergonomic}
   size_t G1HeapRegionSize                         = 2097152                                   {product} {ergonomic}
    uintx GCDrainStackTargetSize                   = 64                                        {product} {ergonomic}
   size_t InitialHeapSize                          = 268435456                                 {product} {ergonomic}
   size_t MarkStackSize                            = 4194304                                   {product} {ergonomic}
   size_t MaxHeapSize                              = 4265607168                                {product} {ergonomic}
   size_t MinHeapDeltaBytes                        = 2097152                                   {product} {ergonomic}
   size_t MinHeapSize                              = 8388608                                   {product} {ergonomic}
    uintx NonNMethodCodeHeapSize                   = 5832780                                {pd product} {ergonomic}
    uintx NonProfiledCodeHeapSize                  = 122912730                              {pd product} {ergonomic}
    uintx ProfiledCodeHeapSize                     = 122912730                              {pd product} {ergonomic}
    uintx ReservedCodeCacheSize                    = 251658240                              {pd product} {ergonomic}
     bool SegmentedCodeCache                       = true                                      {product} {ergonomic}
   size_t SoftMaxHeapSize                          = 4265607168                             {manageable} {ergonomic}
     bool UseCompressedClassPointers               = true                           {product lp64_product} {ergonomic}
     bool UseCompressedOops                        = true                           {product lp64_product} {ergonomic}
     bool UseG1GC                                  = true                                      {product} {ergonomic}
     bool UseLargePagesIndividualAllocation        = false                                  {pd product} {ergonomic}

Logging:
Log output configuration:
 #0: stdout all=warning uptime,level,tags
 #1: stderr all=off uptime,level,tags

Environment Variables:
PATH=C:/Program Files/Git/mingw64/libexec/git-core;C:/Program Files/Git/mingw64/libexec/git-core;C:\Program Files\Git\mingw64\bin;C:\Program Files\Git\usr\bin;C:\Users\ramav\bin;C:\app\ramav\product\21c\dbhomeXE\bin;D:\School\apps\Oracle\bin;D:\School\dbhomeXE\bin;C:\Program Files\Common Files\Oracle\Java\javapath;C:\WINDOWS\system32;C:\WINDOWS;C:\WINDOWS\System32\Wbem;C:\WINDOWS\System32\WindowsPowerShell\v1.0\;C:\WINDOWS\System32\OpenSSH\;C:\Program Files (x86)\Microsoft SQL Server\160\Tools\Binn\;C:\Program Files\Microsoft SQL Server\160\Tools\Binn\;C:\Program Files\Microsoft SQL Server\Client SDK\ODBC\170\Tools\Binn\;C:\Program Files\Microsoft SQL Server\160\DTS\Binn\;C:\Program Files (x86)\Microsoft SQL Server\160\DTS\Binn\;C:\Program Files\Azure Data Studio\bin;C:\Program Files\Microsoft SQL Server\150\Tools\Binn\;C:\Program Files\Git\cmd;C:\Program Files\dotnet\;C:\Users\ramav\AppData\Local\Microsoft\WindowsApps;C:\Users\ramav\AppData\Local\Programs\Microsoft VS Code\bin;C:\Program Files\Azure Data Studio\bin;C:\Users\ramav\.dotnet\tools
USERNAME=ramav
DISPLAY=:0.0
LC_ALL=en_US.UTF-8
TERM=xterm-256color
TMPDIR=C:\Users\ramav\AppData\Local\Temp
OS=Windows_NT
PROCESSOR_IDENTIFIER=Intel64 Family 6 Model 142 Stepping 9, GenuineIntel
TMP=C:\Users\ramav\AppData\Local\Temp
TEMP=C:\Users\ramav\AppData\Local\Temp


JNI global refs:
JNI global refs: 0, weak refs: 0

JNI global refs memory usage: 0, weak refs: 0

OOME stack traces (most recent first):
Classloader memory used:


---------------  S Y S T E M  ---------------

OS:
 Windows 10 , 64 bit Build 19041 (10.0.19041.4957)
OS uptime: 0 days 15:03 hours

CPU: total 4 (initial active 4) (2 cores per cpu, 2 threads per core) family 6 model 142 stepping 9 microcode 0xf6, cx8, cmov, fxsr, ht, mmx, 3dnowpref, sse, sse2, sse3, ssse3, sse4.1, sse4.2, popcnt, lzcnt, tsc, tscinvbit, avx, avx2, aes, erms, clmul, bmi1, bmi2, rtm, adx, fma, vzeroupper, clflush, clflushopt

Memory: 4k page, system-wide physical 16265M (1306M free)
TotalPageFile size 16265M (AvailPageFile size 182M)
current process WorkingSet (physical memory assigned to process): 10M, peak: 10M
current process commit charge ("private bytes"): 52M, peak: 308M

vm_info: OpenJDK 64-Bit Server VM (17.0.7+0-b2043.56-10550314) for windows-amd64 JRE (17.0.7+0-b2043.56-10550314), built on Jul 24 2023 18:27:45 by "androidbuild" with MS VC++ 16.10 / 16.11 (VS2019)

END.
